2022-11-07 14:10:36:1036 [31merror[39m: [31mThis is an error log[39m
2022-11-07 14:10:36:1036 [33mwarn[39m: [33mThis is a warn log[39m
2022-11-07 14:10:36:1036 [32minfo[39m: [32mThis is an info log[39m
2022-11-07 14:10:36:1036 [35mhttp[39m: [35mThis is a http log[39m
2022-11-07 14:10:36:1036 [37mdebug[39m: [37mThis is a debug log[39m
2022-11-07 14:33:22:3322 [35mhttp[39m: [35mGET / 200 9218 - 20.456 ms[39m
[35m[39m
2022-11-07 14:33:48:3348 [35mhttp[39m: [35mPOST /user/signup 200 - - 104.872 ms[39m
[35m[39m
2022-11-07 14:33:56:3356 [35mhttp[39m: [35mPOST /user/signin 302 23 - 85.646 ms[39m
[35m[39m
2022-11-07 14:33:56:3356 [35mhttp[39m: [35mPOST / 404 140 - 1.969 ms[39m
[35m[39m
2022-11-07 19:14:51:1451 [35mhttp[39m: [35mGET /chat 200 404 - 7.511 ms[39m
[35m[39m
2022-11-07 19:16:25:1625 [35mhttp[39m: [35mGET /chat 200 428 - 4.212 ms[39m
[35m[39m
2022-11-07 19:18:26:1826 [35mhttp[39m: [35mGET /chat 200 496 - 2.714 ms[39m
[35m[39m
2022-11-07 19:21:11:2111 [35mhttp[39m: [35mGET /chat 304 - - 6.235 ms[39m
[35m[39m
2022-11-07 19:22:40:2240 [35mhttp[39m: [35mGET /chat 200 589 - 1.947 ms[39m
[35m[39m
2022-11-07 19:25:57:2557 [35mhttp[39m: [35mGET /socket.io/?EIO=4&transport=polling&t=OHHe1Ht 404 149 - 6.279 ms[39m
[35m[39m
2022-11-07 19:26:11:2611 [35mhttp[39m: [35mGET /socket.io/?EIO=4&transport=polling&t=OHHe4WW 404 149 - 4.364 ms[39m
[35m[39m
2022-11-07 19:26:23:2623 [35mhttp[39m: [35mGET /socket.io/?EIO=4&transport=polling&t=OHHe7ve 404 149 - 3.789 ms[39m
[35m[39m
2022-11-07 19:26:28:2628 [35mhttp[39m: [35mGET /socket.io/?EIO=4&transport=polling&t=OHHe989 404 149 - 1.042 ms[39m
[35m[39m
2022-11-07 19:26:33:2633 [35mhttp[39m: [35mGET /socket.io/?EIO=4&transport=polling&t=OHHeAMf 404 149 - 0.865 ms[39m
[35m[39m
2022-11-07 19:26:38:2638 [35mhttp[39m: [35mGET /socket.io/?EIO=4&transport=polling&t=OHHeBb9 404 149 - 0.662 ms[39m
[35m[39m
2022-11-07 19:26:42:2642 [35mhttp[39m: [35mGET /chat 200 565 - 5.408 ms[39m
[35m[39m
2022-11-07 19:26:42:2642 [35mhttp[39m: [35mGET /socket.io/?EIO=4&transport=polling&t=OHHeCTS 404 149 - 0.900 ms[39m
[35m[39m
2022-11-07 19:26:43:2643 [35mhttp[39m: [35mGET /socket.io/?EIO=4&transport=polling&t=OHHeCmG 404 149 - 1.106 ms[39m
[35m[39m
2022-11-07 19:26:44:2644 [35mhttp[39m: [35mGET /socket.io/?EIO=4&transport=polling&t=OHHeD32 404 149 - 0.826 ms[39m
[35m[39m
2022-11-07 19:26:47:2647 [35mhttp[39m: [35mGET /socket.io/?EIO=4&transport=polling&t=OHHeDpZ 404 149 - 1.241 ms[39m
[35m[39m
2022-11-07 19:26:52:2652 [35mhttp[39m: [35mGET /socket.io/?EIO=4&transport=polling&t=OHHeF1t 404 149 - 0.815 ms[39m
[35m[39m
2022-11-07 19:26:57:2657 [35mhttp[39m: [35mGET /socket.io/?EIO=4&transport=polling&t=OHHeGGK 404 149 - 0.576 ms[39m
[35m[39m
2022-11-07 19:27:02:272 [35mhttp[39m: [35mGET /socket.io/?EIO=4&transport=polling&t=OHHeHUt 404 149 - 2.347 ms[39m
[35m[39m
2022-11-07 19:27:08:278 [35mhttp[39m: [35mGET /socket.io/?EIO=4&transport=polling&t=OHHeIy1 404 149 - 0.558 ms[39m
[35m[39m
2022-11-07 19:27:14:2714 [35mhttp[39m: [35mGET /socket.io/?EIO=4&transport=polling&t=OHHeKPj 404 149 - 0.711 ms[39m
[35m[39m
2022-11-07 19:27:20:2720 [35mhttp[39m: [35mGET /socket.io/?EIO=4&transport=polling&t=OHHeLtM 404 149 - 0.824 ms[39m
[35m[39m
2022-11-07 19:27:26:2726 [35mhttp[39m: [35mGET /socket.io/?EIO=4&transport=polling&t=OHHeNL3 404 149 - 0.908 ms[39m
[35m[39m
2022-11-07 19:27:32:2732 [35mhttp[39m: [35mGET /socket.io/?EIO=4&transport=polling&t=OHHeOop 404 149 - 0.627 ms[39m
[35m[39m
2022-11-07 19:27:38:2738 [35mhttp[39m: [35mGET /socket.io/?EIO=4&transport=polling&t=OHHeQGc 404 149 - 1.009 ms[39m
[35m[39m
2022-11-07 19:27:44:2744 [35mhttp[39m: [35mGET /socket.io/?EIO=4&transport=polling&t=OHHeRkV 404 149 - 0.645 ms[39m
[35m[39m
2022-11-07 19:27:50:2750 [35mhttp[39m: [35mGET /socket.io/?EIO=4&transport=polling&t=OHHeTC9 404 149 - 0.500 ms[39m
[35m[39m
2022-11-07 19:27:56:2756 [35mhttp[39m: [35mGET /socket.io/?EIO=4&transport=polling&t=OHHeUg0 404 149 - 0.728 ms[39m
[35m[39m
2022-11-07 19:28:02:282 [35mhttp[39m: [35mGET /socket.io/?EIO=4&transport=polling&t=OHHeW7g 404 149 - 0.485 ms[39m
[35m[39m
2022-11-07 19:28:08:288 [35mhttp[39m: [35mGET /socket.io/?EIO=4&transport=polling&t=OHHeXbS 404 149 - 0.959 ms[39m
[35m[39m
2022-11-07 19:28:14:2814 [35mhttp[39m: [35mGET /socket.io/?EIO=4&transport=polling&t=OHHeZ3H 404 149 - 0.645 ms[39m
[35m[39m
2022-11-07 19:28:20:2820 [35mhttp[39m: [35mGET /socket.io/?EIO=4&transport=polling&t=OHHeaX2 404 149 - 0.715 ms[39m
[35m[39m
2022-11-07 19:28:26:2826 [35mhttp[39m: [35mGET /socket.io/?EIO=4&transport=polling&t=OHHeb-r 404 149 - 0.577 ms[39m
[35m[39m
2022-11-07 19:28:32:2832 [35mhttp[39m: [35mGET /socket.io/?EIO=4&transport=polling&t=OHHedSS 404 149 - 0.519 ms[39m
[35m[39m
2022-11-07 19:28:38:2838 [35mhttp[39m: [35mGET /socket.io/?EIO=4&transport=polling&t=OHHeewL 404 149 - 0.516 ms[39m
[35m[39m
2022-11-07 19:28:44:2844 [35mhttp[39m: [35mGET /socket.io/?EIO=4&transport=polling&t=OHHegN_ 404 149 - 0.473 ms[39m
[35m[39m
2022-11-07 19:28:50:2850 [35mhttp[39m: [35mGET /socket.io/?EIO=4&transport=polling&t=OHHehrp 404 149 - 0.770 ms[39m
[35m[39m
2022-11-07 19:28:56:2856 [35mhttp[39m: [35mGET /socket.io/?EIO=4&transport=polling&t=OHHejJP 404 149 - 0.538 ms[39m
[35m[39m
2022-11-07 19:29:02:292 [35mhttp[39m: [35mGET /socket.io/?EIO=4&transport=polling&t=OHHekn7 404 149 - 0.565 ms[39m
[35m[39m
2022-11-07 19:29:15:2915 [35mhttp[39m: [35mGET /chat 304 - - 6.232 ms[39m
[35m[39m
2022-11-07 19:29:15:2915 [35mhttp[39m: [35mGET /socket.io/?EIO=4&transport=polling&t=OHHenzp 404 149 - 2.916 ms[39m
[35m[39m
2022-11-07 19:29:16:2916 [35mhttp[39m: [35mGET /socket.io/?EIO=4&transport=polling&t=OHHeoFO 404 149 - 1.020 ms[39m
[35m[39m
2022-11-07 19:29:18:2918 [35mhttp[39m: [35mGET /socket.io/?EIO=4&transport=polling&t=OHHeoZx 404 149 - 1.146 ms[39m
[35m[39m
2022-11-07 19:29:21:2921 [35mhttp[39m: [35mGET /socket.io/?EIO=4&transport=polling&t=OHHepQp 404 149 - 1.004 ms[39m
[35m[39m
2022-11-07 19:29:27:2927 [35mhttp[39m: [35mGET /socket.io/?EIO=4&transport=polling&t=OHHeqtt 404 149 - 0.565 ms[39m
[35m[39m
2022-11-07 19:29:33:2933 [35mhttp[39m: [35mGET /socket.io/?EIO=4&transport=polling&t=OHHesLm 404 149 - 0.729 ms[39m
[35m[39m
2022-11-07 19:29:39:2939 [35mhttp[39m: [35mGET /socket.io/?EIO=4&transport=polling&t=OHHetqB 404 149 - 0.857 ms[39m
[35m[39m
2022-11-07 19:29:45:2945 [35mhttp[39m: [35mGET /socket.io/?EIO=4&transport=polling&t=OHHevHC 404 149 - 0.936 ms[39m
[35m[39m
2022-11-07 19:29:51:2951 [35mhttp[39m: [35mGET /socket.io/?EIO=4&transport=polling&t=OHHewl2 404 149 - 1.337 ms[39m
[35m[39m
2022-11-07 19:29:57:2957 [35mhttp[39m: [35mGET /socket.io/?EIO=4&transport=polling&t=OHHeyCa 404 149 - 0.694 ms[39m
[35m[39m
2022-11-07 19:30:03:303 [35mhttp[39m: [35mGET /socket.io/?EIO=4&transport=polling&t=OHHezgb 404 149 - 0.570 ms[39m
[35m[39m
2022-11-07 19:30:09:309 [35mhttp[39m: [35mGET /socket.io/?EIO=4&transport=polling&t=OHHe_88 404 149 - 0.574 ms[39m
[35m[39m
2022-11-07 19:30:15:3015 [35mhttp[39m: [35mGET /socket.io/?EIO=4&transport=polling&t=OHHf0bx 404 149 - 1.549 ms[39m
[35m[39m
2022-11-07 19:30:29:3029 [35mhttp[39m: [35mGET /socket.io/?EIO=4&transport=polling&t=OHHf40g 404 149 - 3.387 ms[39m
[35m[39m
2022-11-07 19:30:34:3034 [35mhttp[39m: [35mGET /socket.io/?EIO=4&transport=polling&t=OHHf5Fz 404 149 - 1.403 ms[39m
[35m[39m
2022-11-07 19:30:40:3040 [35mhttp[39m: [35mGET /socket.io/?EIO=4&transport=polling&t=OHHf6iY 404 149 - 0.987 ms[39m
[35m[39m
2022-11-07 19:30:46:3046 [35mhttp[39m: [35mGET /socket.io/?EIO=4&transport=polling&t=OHHf8Ac 404 149 - 1.023 ms[39m
[35m[39m
2022-11-07 19:30:52:3052 [35mhttp[39m: [35mGET /socket.io/?EIO=4&transport=polling&t=OHHf9e5 404 149 - 0.719 ms[39m
[35m[39m
2022-11-07 19:30:58:3058 [35mhttp[39m: [35mGET /socket.io/?EIO=4&transport=polling&t=OHHfB5p 404 149 - 0.798 ms[39m
[35m[39m
2022-11-07 19:31:04:314 [35mhttp[39m: [35mGET /socket.io/?EIO=4&transport=polling&t=OHHfCZd 404 149 - 0.933 ms[39m
[35m[39m
2022-11-07 19:31:10:3110 [35mhttp[39m: [35mGET /socket.io/?EIO=4&transport=polling&t=OHHfE1Y 404 149 - 0.619 ms[39m
[35m[39m
2022-11-07 19:31:16:3116 [35mhttp[39m: [35mGET /socket.io/?EIO=4&transport=polling&t=OHHfFVH 404 149 - 0.907 ms[39m
[35m[39m
2022-11-07 19:31:22:3122 [35mhttp[39m: [35mGET /socket.io/?EIO=4&transport=polling&t=OHHfGyt 404 149 - 0.781 ms[39m
[35m[39m
2022-11-07 19:31:28:3128 [35mhttp[39m: [35mGET /socket.io/?EIO=4&transport=polling&t=OHHfIQi 404 149 - 1.417 ms[39m
[35m[39m
2022-11-07 19:31:34:3134 [35mhttp[39m: [35mGET /socket.io/?EIO=4&transport=polling&t=OHHfJuW 404 149 - 1.115 ms[39m
[35m[39m
2022-11-07 19:31:40:3140 [35mhttp[39m: [35mGET /socket.io/?EIO=4&transport=polling&t=OHHfLM7 404 149 - 0.718 ms[39m
[35m[39m
2022-11-07 19:31:46:3146 [35mhttp[39m: [35mGET /socket.io/?EIO=4&transport=polling&t=OHHfMq3 404 149 - 1.365 ms[39m
[35m[39m
2022-11-07 19:32:30:3230 [35mhttp[39m: [35mGET /chat 304 - - 6.567 ms[39m
[35m[39m
2022-11-07 19:32:52:3252 [35mhttp[39m: [35mGET /chat 200 568 - 1.884 ms[39m
[35m[39m
2022-11-07 19:34:06:346 [35mhttp[39m: [35mGET /chat 200 624 - 2.340 ms[39m
[35m[39m
2022-11-07 19:41:30:4130 [35mhttp[39m: [35mGET /chat 200 597 - 1.853 ms[39m
[35m[39m
2022-11-07 19:41:53:4153 [35mhttp[39m: [35mGET /chat 200 599 - 2.155 ms[39m
[35m[39m
2022-11-07 19:42:27:4227 [35mhttp[39m: [35mGET /chat 200 601 - 1.417 ms[39m
[35m[39m
2022-11-07 19:43:28:4328 [35mhttp[39m: [35mGET /socket.io/?EIO=4&transport=polling&t=OHHi2D6 404 149 - 4.659 ms[39m
[35m[39m
2022-11-07 19:43:33:4333 [35mhttp[39m: [35mGET /socket.io/?EIO=4&transport=polling&t=OHHi3Ru 404 149 - 1.398 ms[39m
[35m[39m
2022-11-07 19:43:38:4338 [35mhttp[39m: [35mGET /socket.io/?EIO=4&transport=polling&t=OHHi4gD 404 149 - 0.762 ms[39m
[35m[39m
2022-11-07 19:43:43:4343 [35mhttp[39m: [35mGET /socket.io/?EIO=4&transport=polling&t=OHHi5uY 404 149 - 0.701 ms[39m
[35m[39m
2022-11-07 19:43:48:4348 [35mhttp[39m: [35mGET /socket.io/?EIO=4&transport=polling&t=OHHi76q 404 149 - 0.952 ms[39m
[35m[39m
2022-11-07 19:43:53:4353 [35mhttp[39m: [35mGET /socket.io/?EIO=4&transport=polling&t=OHHi8LG 404 149 - 0.551 ms[39m
[35m[39m
2022-11-07 19:43:58:4358 [35mhttp[39m: [35mGET /socket.io/?EIO=4&transport=polling&t=OHHi9Zg 404 149 - 0.609 ms[39m
[35m[39m
2022-11-07 19:44:03:443 [35mhttp[39m: [35mGET /socket.io/?EIO=4&transport=polling&t=OHHiAo3 404 149 - 0.700 ms[39m
[35m[39m
2022-11-07 19:44:16:4416 [35mhttp[39m: [35mGET /socket.io/?EIO=4&transport=polling&t=OHHiDpC 404 149 - 3.636 ms[39m
[35m[39m
2022-11-07 19:44:21:4421 [35mhttp[39m: [35mGET /socket.io/?EIO=4&transport=polling&t=OHHiF5j 404 149 - 1.069 ms[39m
[35m[39m
2022-11-07 19:44:26:4426 [35mhttp[39m: [35mGET /socket.io/?EIO=4&transport=polling&t=OHHiGK4 404 149 - 0.733 ms[39m
[35m[39m
2022-11-07 19:44:31:4431 [35mhttp[39m: [35mGET /socket.io/?EIO=4&transport=polling&t=OHHiHYU 404 149 - 0.741 ms[39m
[35m[39m
2022-11-07 19:44:36:4436 [35mhttp[39m: [35mGET /socket.io/?EIO=4&transport=polling&t=OHHiImw 404 149 - 0.666 ms[39m
[35m[39m
2022-11-07 19:44:41:4441 [35mhttp[39m: [35mGET /socket.io/?EIO=4&transport=polling&t=OHHiJ_O 404 149 - 0.527 ms[39m
[35m[39m
2022-11-07 19:44:46:4446 [35mhttp[39m: [35mGET /socket.io/?EIO=4&transport=polling&t=OHHiLDv 404 149 - 0.546 ms[39m
[35m[39m
2022-11-07 19:44:51:4451 [35mhttp[39m: [35mGET /socket.io/?EIO=4&transport=polling&t=OHHiMSN 404 149 - 0.521 ms[39m
[35m[39m
2022-11-07 19:44:56:4456 [35mhttp[39m: [35mGET /socket.io/?EIO=4&transport=polling&t=OHHiNgk 404 149 - 0.651 ms[39m
[35m[39m
2022-11-07 19:45:01:451 [35mhttp[39m: [35mGET /socket.io/?EIO=4&transport=polling&t=OHHiOvB 404 149 - 1.281 ms[39m
[35m[39m
2022-11-07 19:45:06:456 [35mhttp[39m: [35mGET /socket.io/?EIO=4&transport=polling&t=OHHiQ91 404 149 - 1.413 ms[39m
[35m[39m
2022-11-07 19:45:12:4512 [35mhttp[39m: [35mGET /socket.io/?EIO=4&transport=polling&t=OHHiRca 404 149 - 0.862 ms[39m
[35m[39m
2022-11-07 19:45:18:4518 [35mhttp[39m: [35mGET /socket.io/?EIO=4&transport=polling&t=OHHiT4L 404 149 - 0.808 ms[39m
[35m[39m
2022-11-07 19:45:24:4524 [35mhttp[39m: [35mGET /socket.io/?EIO=4&transport=polling&t=OHHiUYC 404 149 - 0.925 ms[39m
[35m[39m
2022-11-07 19:45:30:4530 [35mhttp[39m: [35mGET /socket.io/?EIO=4&transport=polling&t=OHHiV_o 404 149 - 0.562 ms[39m
[35m[39m
2022-11-07 19:45:36:4536 [35mhttp[39m: [35mGET /socket.io/?EIO=4&transport=polling&t=OHHiXTb 404 149 - 0.459 ms[39m
[35m[39m
2022-11-07 19:45:42:4542 [35mhttp[39m: [35mGET /socket.io/?EIO=4&transport=polling&t=OHHiYxS 404 149 - 0.944 ms[39m
[35m[39m
2022-11-07 19:45:48:4548 [35mhttp[39m: [35mGET /socket.io/?EIO=4&transport=polling&t=OHHiaPD 404 149 - 0.617 ms[39m
[35m[39m
2022-11-07 19:45:54:4554 [35mhttp[39m: [35mGET /socket.io/?EIO=4&transport=polling&t=OHHibsu 404 149 - 0.664 ms[39m
[35m[39m
2022-11-07 19:46:00:460 [35mhttp[39m: [35mGET /socket.io/?EIO=4&transport=polling&t=OHHidKi 404 149 - 1.028 ms[39m
[35m[39m
2022-11-07 19:46:06:466 [35mhttp[39m: [35mGET /socket.io/?EIO=4&transport=polling&t=OHHieoQ 404 149 - 0.496 ms[39m
[35m[39m
2022-11-07 19:46:12:4612 [35mhttp[39m: [35mGET /socket.io/?EIO=4&transport=polling&t=OHHigG3 404 149 - 0.933 ms[39m
[35m[39m
2022-11-07 19:46:18:4618 [35mhttp[39m: [35mGET /socket.io/?EIO=4&transport=polling&t=OHHihju 404 149 - 0.622 ms[39m
[35m[39m
2022-11-07 19:46:24:4624 [35mhttp[39m: [35mGET /socket.io/?EIO=4&transport=polling&t=OHHijBh 404 149 - 0.483 ms[39m
[35m[39m
2022-11-07 19:46:30:4630 [35mhttp[39m: [35mGET /socket.io/?EIO=4&transport=polling&t=OHHikfP 404 149 - 0.705 ms[39m
[35m[39m
2022-11-07 19:46:36:4636 [35mhttp[39m: [35mGET /socket.io/?EIO=4&transport=polling&t=OHHim7L 404 149 - 0.413 ms[39m
[35m[39m
2022-11-07 19:46:42:4642 [35mhttp[39m: [35mGET /socket.io/?EIO=4&transport=polling&t=OHHinb5 404 149 - 0.500 ms[39m
[35m[39m
2022-11-07 19:46:48:4648 [35mhttp[39m: [35mGET /socket.io/?EIO=4&transport=polling&t=OHHip2j 404 149 - 0.590 ms[39m
[35m[39m
2022-11-07 19:46:54:4654 [35mhttp[39m: [35mGET /socket.io/?EIO=4&transport=polling&t=OHHiqWS 404 149 - 0.955 ms[39m
[35m[39m
2022-11-07 19:47:00:470 [35mhttp[39m: [35mGET /socket.io/?EIO=4&transport=polling&t=OHHir-A 404 149 - 0.521 ms[39m
[35m[39m
2022-11-07 19:47:06:476 [35mhttp[39m: [35mGET /socket.io/?EIO=4&transport=polling&t=OHHitS0 404 149 - 0.560 ms[39m
[35m[39m
2022-11-07 19:47:12:4712 [35mhttp[39m: [35mGET /socket.io/?EIO=4&transport=polling&t=OHHiuvi 404 149 - 0.729 ms[39m
[35m[39m
2022-11-07 19:47:18:4718 [35mhttp[39m: [35mGET /socket.io/?EIO=4&transport=polling&t=OHHiwNO 404 149 - 0.661 ms[39m
[35m[39m
2022-11-07 19:47:24:4724 [35mhttp[39m: [35mGET /socket.io/?EIO=4&transport=polling&t=OHHixrD 404 149 - 0.854 ms[39m
[35m[39m
2022-11-07 19:47:30:4730 [35mhttp[39m: [35mGET /socket.io/?EIO=4&transport=polling&t=OHHizIv 404 149 - 0.747 ms[39m
[35m[39m
2022-11-07 19:47:36:4736 [35mhttp[39m: [35mGET /socket.io/?EIO=4&transport=polling&t=OHHi-my 404 149 - 0.480 ms[39m
[35m[39m
2022-11-07 19:47:42:4742 [35mhttp[39m: [35mGET /socket.io/?EIO=4&transport=polling&t=OHHj0F7 404 149 - 0.490 ms[39m
[35m[39m
2022-11-07 19:47:56:4756 [35mhttp[39m: [35mGET /socket.io/?EIO=4&transport=polling&t=OHHj3fC 404 149 - 2.980 ms[39m
[35m[39m
2022-11-07 19:48:02:482 [35mhttp[39m: [35mGET /socket.io/?EIO=4&transport=polling&t=OHHj57B 404 149 - 1.163 ms[39m
[35m[39m
2022-11-07 19:48:08:488 [35mhttp[39m: [35mGET /socket.io/?EIO=4&transport=polling&t=OHHj6au 404 149 - 0.902 ms[39m
[35m[39m
2022-11-07 19:48:14:4814 [35mhttp[39m: [35mGET /socket.io/?EIO=4&transport=polling&t=OHHj82Z 404 149 - 0.726 ms[39m
[35m[39m
2022-11-07 19:48:20:4820 [35mhttp[39m: [35mGET /socket.io/?EIO=4&transport=polling&t=OHHj9WI 404 149 - 0.631 ms[39m
[35m[39m
2022-11-07 19:48:26:4826 [35mhttp[39m: [35mGET /socket.io/?EIO=4&transport=polling&t=OHHjA-8 404 149 - 0.526 ms[39m
[35m[39m
2022-11-07 19:48:32:4832 [35mhttp[39m: [35mGET /socket.io/?EIO=4&transport=polling&t=OHHjCRq 404 149 - 0.542 ms[39m
[35m[39m
2022-11-07 19:48:38:4838 [35mhttp[39m: [35mGET /socket.io/?EIO=4&transport=polling&t=OHHjDvf 404 149 - 0.609 ms[39m
[35m[39m
2022-11-07 19:48:44:4844 [35mhttp[39m: [35mGET /socket.io/?EIO=4&transport=polling&t=OHHjFNI 404 149 - 0.583 ms[39m
[35m[39m
2022-11-07 19:48:50:4850 [35mhttp[39m: [35mGET /socket.io/?EIO=4&transport=polling&t=OHHjGr9 404 149 - 1.020 ms[39m
[35m[39m
2022-11-07 19:48:56:4856 [35mhttp[39m: [35mGET /socket.io/?EIO=4&transport=polling&t=OHHjIIr 404 149 - 0.709 ms[39m
[35m[39m
2022-11-07 19:49:02:492 [35mhttp[39m: [35mGET /socket.io/?EIO=4&transport=polling&t=OHHjJmi 404 149 - 0.647 ms[39m
[35m[39m
2022-11-07 19:52:36:5236 [35mhttp[39m: [35mGET /chat 304 - - 5.495 ms[39m
[35m[39m
2022-11-07 19:57:16:5716 [35mhttp[39m: [35mGET /chat 304 - - 9.568 ms[39m
[35m[39m
2022-11-07 19:59:33:5933 [35mhttp[39m: [35mGET /chat 200 613 - 10.378 ms[39m
[35m[39m
2022-11-07 20:00:10:010 [35mhttp[39m: [35mGET /chat 200 618 - 2.263 ms[39m
[35m[39m
2022-11-07 20:00:50:050 [35mhttp[39m: [35mGET /chat 200 630 - 2.013 ms[39m
[35m[39m
2022-11-07 20:02:40:240 [35mhttp[39m: [35mGET /chat 200 695 - 1.950 ms[39m
[35m[39m
2022-11-07 20:02:52:252 [35mhttp[39m: [35mGET /chat 200 704 - 1.115 ms[39m
[35m[39m
2022-11-07 20:02:54:254 [35mhttp[39m: [35mGET /chat 304 - - 2.147 ms[39m
[35m[39m
2022-11-07 20:04:06:46 [35mhttp[39m: [35mGET /chat 200 703 - 1.848 ms[39m
[35m[39m
2022-11-07 20:04:09:49 [35mhttp[39m: [35mGET /eventHandler()?input= 404 153 - 2.319 ms[39m
[35m[39m
2022-11-07 20:04:48:448 [35mhttp[39m: [35mGET /chat 200 704 - 5.145 ms[39m
[35m[39m
2022-11-07 20:04:50:450 [35mhttp[39m: [35mGET /chat?input= 200 704 - 2.222 ms[39m
[35m[39m
2022-11-07 20:09:18:918 [35mhttp[39m: [35mGET /chat?input= 200 786 - 2.430 ms[39m
[35m[39m
2022-11-07 20:09:26:926 [35mhttp[39m: [35mGET /chat?input=qweasd 200 786 - 1.589 ms[39m
[35m[39m
2022-11-07 20:10:37:1037 [35mhttp[39m: [35mGET /chat?input=qweasd 200 900 - 2.455 ms[39m
[35m[39m
2022-11-07 20:10:39:1039 [35mhttp[39m: [35mGET /chat?input=qweasd 304 - - 2.692 ms[39m
[35m[39m
2022-11-07 20:10:44:1044 [35mhttp[39m: [35mGET /chat 200 900 - 1.443 ms[39m
[35m[39m
2022-11-07 20:11:09:119 [35mhttp[39m: [35mGET /chat 200 931 - 1.222 ms[39m
[35m[39m
2022-11-07 20:11:29:1129 [35mhttp[39m: [35mGET /chat 200 931 - 1.849 ms[39m
[35m[39m
2022-11-07 20:11:36:1136 [35mhttp[39m: [35mGET /chat 200 933 - 1.281 ms[39m
[35m[39m
2022-11-07 20:11:54:1154 [35mhttp[39m: [35mGET /chat 200 931 - 1.835 ms[39m
[35m[39m
2022-11-07 20:22:47:2247 [35mhttp[39m: [35mGET / 304 - - 9.387 ms[39m
[35m[39m
2022-11-07 20:24:26:2426 [35mhttp[39m: [35mGET /chat 200 2164 - 3.796 ms[39m
[35m[39m
2022-11-07 20:25:17:2517 [35mhttp[39m: [35mGET /chat 200 9666 - 2.607 ms[39m
[35m[39m
2022-11-07 20:25:44:2544 [35mhttp[39m: [35mGET /chat 200 9697 - 2.736 ms[39m
[35m[39m
2022-11-07 20:26:03:263 [35mhttp[39m: [35mGET /chat 200 9713 - 1.734 ms[39m
[35m[39m
2022-11-07 20:26:43:2643 [35mhttp[39m: [35mGET /chat 200 9729 - 1.948 ms[39m
[35m[39m
2022-11-07 20:27:44:2744 [35mhttp[39m: [35mGET /chat 200 8569 - 2.095 ms[39m
[35m[39m
2022-11-07 20:46:12:4612 [35mhttp[39m: [35mGET /chat 304 - - 6.285 ms[39m
[35m[39m
2022-11-07 20:46:36:4636 [35mhttp[39m: [35mGET /chat 304 - - 6.705 ms[39m
[35m[39m
2022-11-07 20:57:19:5719 [35mhttp[39m: [35mGET /chat 200 8615 - 6.604 ms[39m
[35m[39m
2022-11-07 20:57:20:5720 [35mhttp[39m: [35mGET /chat.ts 404 146 - 16.721 ms[39m
[35m[39m
2022-11-08 00:42:40:4240 [35mhttp[39m: [35mGET / 200 9229 - 7.891 ms[39m
[35m[39m
2022-11-08 00:42:40:4240 [35mhttp[39m: [35mGET /stylesheets/main.css 200 2814 - 2.735 ms[39m
[35m[39m
2022-11-08 00:43:15:4315 [35mhttp[39m: [35mGET / 200 4794 - 3.973 ms[39m
[35m[39m
2022-11-08 00:43:15:4315 [35mhttp[39m: [35mGET /stylesheets/main.css 304 - - 3.115 ms[39m
[35m[39m
2022-11-08 01:10:37:1037 [35mhttp[39m: [35mGET / 200 4782 - 5.924 ms[39m
[35m[39m
2022-11-08 01:10:37:1037 [35mhttp[39m: [35mGET /js/main.js 200 39 - 3.639 ms[39m
[35m[39m
2022-11-08 01:10:37:1037 [35mhttp[39m: [35mGET /stylesheets/main.css 200 2814 - 6.977 ms[39m
[35m[39m
2022-11-08 01:10:38:1038 [35mhttp[39m: [35mGET /favicon.ico 404 150 - 2.228 ms[39m
[35m[39m
2022-11-08 01:10:45:1045 [35mhttp[39m: [35mGET /stylesheets/main.css 304 - - 0.729 ms[39m
[35m[39m
2022-11-08 15:11:13:1113 [35mhttp[39m: [35mGET / 304 - - 8.776 ms[39m
[35m[39m
2022-11-08 15:11:13:1113 [35mhttp[39m: [35mGET /stylesheets/main.css 304 - - 2.181 ms[39m
[35m[39m
2022-11-08 15:11:13:1113 [35mhttp[39m: [35mGET /js/main.js 200 39 - 7.663 ms[39m
[35m[39m
2022-11-08 15:16:39:1639 [35mhttp[39m: [35mGET / 200 4923 - 5.058 ms[39m
[35m[39m
2022-11-08 15:16:39:1639 [35mhttp[39m: [35mGET /stylesheets/main.css 200 3010 - 4.850 ms[39m
[35m[39m
2022-11-08 15:16:39:1639 [35mhttp[39m: [35mGET /js/main.js 200 544 - 6.811 ms[39m
[35m[39m
2022-11-08 15:16:40:1640 [35mhttp[39m: [35mGET /stylesheets/main.css 304 - - 0.499 ms[39m
[35m[39m
2022-11-08 15:20:05:205 [35mhttp[39m: [35mGET / 304 - - 2.119 ms[39m
[35m[39m
2022-11-08 15:20:05:205 [35mhttp[39m: [35mGET /stylesheets/main.css 304 - - 0.603 ms[39m
[35m[39m
2022-11-08 15:20:05:205 [35mhttp[39m: [35mGET /js/main.js 304 - - 1.862 ms[39m
[35m[39m
2022-11-08 15:34:27:3427 [35mhttp[39m: [35mGET / 304 - - 6.034 ms[39m
[35m[39m
2022-11-08 15:34:27:3427 [35mhttp[39m: [35mGET /stylesheets/main.css 304 - - 3.742 ms[39m
[35m[39m
2022-11-08 15:34:27:3427 [35mhttp[39m: [35mGET /js/main.js 200 710 - 6.058 ms[39m
[35m[39m
2022-11-08 18:28:34:2834 [35mhttp[39m: [35mGET /stylesheets/main.css 304 - - 3.625 ms[39m
[35m[39m
2022-11-08 20:36:59:3659 [35mhttp[39m: [35mGET / 304 - - 5.147 ms[39m
[35m[39m
2022-11-08 20:36:59:3659 [35mhttp[39m: [35mGET /stylesheets/main.css 304 - - 2.745 ms[39m
[35m[39m
2022-11-08 20:36:59:3659 [35mhttp[39m: [35mGET /js/main.js 200 - - 4.117 ms[39m
[35m[39m
2022-11-08 20:37:12:3712 [35mhttp[39m: [35mGET /chat 200 8569 - 4.821 ms[39m
[35m[39m
2022-11-08 21:43:43:4343 [35mhttp[39m: [35mGET /chat 304 - - 7.858 ms[39m
[35m[39m
2022-11-08 21:54:13:5413 [35mhttp[39m: [35mGET /test 200 24 - 3.246 ms[39m
[35m[39m
2022-11-08 21:55:55:5555 [35mhttp[39m: [35mGET /test 304 - - 3.440 ms[39m
[35m[39m
2022-11-08 21:57:28:5728 [35mhttp[39m: [35mGET /test 304 - - 49.085 ms[39m
[35m[39m
2022-11-08 22:01:09:19 [35mhttp[39m: [35mGET /test 304 - - 52.974 ms[39m
[35m[39m
2022-11-08 22:01:14:114 [35mhttp[39m: [35mGET /chat 200 3942 - 4.785 ms[39m
[35m[39m
2022-11-08 22:01:14:114 [35mhttp[39m: [35mGET /js/chat.js 200 198 - 3.061 ms[39m
[35m[39m
2022-11-08 22:01:14:114 [35mhttp[39m: [35mGET /stylesheets/chat.css 200 3010 - 6.179 ms[39m
[35m[39m
2022-11-08 22:13:16:1316 [35mhttp[39m: [35mGET /stylesheets/chat.css 304 - - 1.213 ms[39m
[35m[39m
2022-11-08 22:50:40:5040 [35mhttp[39m: [35mGET /dungeon/battle/event 404 159 - 4.756 ms[39m
[35m[39m
2022-11-08 22:50:49:5049 [35mhttp[39m: [35mGET /chat 200 4553 - 4.614 ms[39m
[35m[39m
2022-11-08 22:50:49:5049 [35mhttp[39m: [35mGET /stylesheets/chat.css 304 - - 0.551 ms[39m
[35m[39m
2022-11-08 22:50:49:5049 [35mhttp[39m: [35mGET /js/chat.js 200 325 - 10.370 ms[39m
[35m[39m
2022-11-08 22:50:58:5058 [35mhttp[39m: [35mGET /chat 304 - - 1.406 ms[39m
[35m[39m
2022-11-08 22:50:58:5058 [35mhttp[39m: [35mGET /stylesheets/chat.css 304 - - 0.623 ms[39m
[35m[39m
2022-11-08 22:50:59:5059 [35mhttp[39m: [35mGET /js/chat.js 200 364 - 3.986 ms[39m
[35m[39m
2022-11-08 22:51:41:5141 [35mhttp[39m: [35mGET /chat 200 4585 - 1.613 ms[39m
[35m[39m
2022-11-08 22:51:41:5141 [35mhttp[39m: [35mGET /stylesheets/chat.css 304 - - 4.122 ms[39m
[35m[39m
2022-11-08 22:51:41:5141 [35mhttp[39m: [35mGET /js/chat.js 304 - - 2.495 ms[39m
[35m[39m
2022-11-08 22:56:10:5610 [35mhttp[39m: [35mGET /chat 200 4688 - 8.462 ms[39m
[35m[39m
2022-11-08 22:56:10:5610 [35mhttp[39m: [35mGET /stylesheets/chat.css 304 - - 2.752 ms[39m
[35m[39m
2022-11-08 22:56:10:5610 [35mhttp[39m: [35mGET /js/chat.js 304 - - 4.773 ms[39m
[35m[39m
2022-11-08 23:02:47:247 [35mhttp[39m: [35mGET /chat 200 4910 - 5.534 ms[39m
[35m[39m
2022-11-08 23:02:47:247 [35mhttp[39m: [35mGET /stylesheets/chat.css 304 - - 2.025 ms[39m
[35m[39m
2022-11-08 23:02:47:247 [35mhttp[39m: [35mGET /js/chat.js 304 - - 3.634 ms[39m
[35m[39m
2022-11-08 23:03:46:346 [35mhttp[39m: [35mGET /chat 200 4821 - 2.071 ms[39m
[35m[39m
2022-11-08 23:03:46:346 [35mhttp[39m: [35mGET /stylesheets/chat.css 304 - - 0.802 ms[39m
[35m[39m
2022-11-08 23:03:46:346 [35mhttp[39m: [35mGET /js/chat.js 304 - - 1.988 ms[39m
[35m[39m
2022-11-08 23:04:13:413 [35mhttp[39m: [35mGET /chat 200 4805 - 2.387 ms[39m
[35m[39m
2022-11-08 23:04:13:413 [35mhttp[39m: [35mGET /stylesheets/chat.css 304 - - 2.087 ms[39m
[35m[39m
2022-11-08 23:04:13:413 [35mhttp[39m: [35mGET /js/chat.js 304 - - 2.984 ms[39m
[35m[39m
2022-11-08 23:14:04:144 [35mhttp[39m: [35mGET /chat 200 4815 - 8.808 ms[39m
[35m[39m
2022-11-08 23:14:04:144 [35mhttp[39m: [35mGET /stylesheets/chat.css 304 - - 1.891 ms[39m
[35m[39m
2022-11-08 23:14:04:144 [35mhttp[39m: [35mGET /js/chat.js 304 - - 1.124 ms[39m
[35m[39m
2022-11-08 23:22:36:2236 [35mhttp[39m: [35mGET /chat 304 - - 4.224 ms[39m
[35m[39m
2022-11-08 23:22:36:2236 [35mhttp[39m: [35mGET /stylesheets/chat.css 304 - - 1.893 ms[39m
[35m[39m
2022-11-08 23:22:36:2236 [35mhttp[39m: [35mGET /js/chat.js 304 - - 3.683 ms[39m
[35m[39m
2022-11-08 23:23:58:2358 [35mhttp[39m: [35mGET /chat 304 - - 6.163 ms[39m
[35m[39m
2022-11-08 23:23:58:2358 [35mhttp[39m: [35mGET /stylesheets/chat.css 304 - - 2.868 ms[39m
[35m[39m
2022-11-08 23:23:58:2358 [35mhttp[39m: [35mGET /js/chat.js 304 - - 6.738 ms[39m
[35m[39m
2022-11-08 23:25:03:253 [35mhttp[39m: [35mGET /chat 304 - - 5.359 ms[39m
[35m[39m
2022-11-08 23:25:03:253 [35mhttp[39m: [35mGET /stylesheets/chat.css 304 - - 2.620 ms[39m
[35m[39m
2022-11-08 23:25:03:253 [35mhttp[39m: [35mGET /js/chat.js 304 - - 2.889 ms[39m
[35m[39m
2022-11-08 23:28:25:2825 [35mhttp[39m: [35mGET /chat 304 - - 6.482 ms[39m
[35m[39m
2022-11-08 23:28:25:2825 [35mhttp[39m: [35mGET /stylesheets/chat.css 304 - - 1.152 ms[39m
[35m[39m
2022-11-08 23:28:25:2825 [35mhttp[39m: [35mGET /js/chat.js 304 - - 11.298 ms[39m
[35m[39m
2022-11-08 23:29:11:2911 [35mhttp[39m: [35mGET /chat 304 - - 5.226 ms[39m
[35m[39m
2022-11-08 23:29:11:2911 [35mhttp[39m: [35mGET /stylesheets/chat.css 304 - - 0.979 ms[39m
[35m[39m
2022-11-08 23:29:11:2911 [35mhttp[39m: [35mGET /js/chat.js 304 - - 2.097 ms[39m
[35m[39m
2022-11-08 23:33:44:3344 [35mhttp[39m: [35mGET /chat 200 4805 - 4.648 ms[39m
[35m[39m
2022-11-08 23:33:44:3344 [35mhttp[39m: [35mGET /stylesheets/chat.css 304 - - 1.224 ms[39m
[35m[39m
2022-11-08 23:33:44:3344 [35mhttp[39m: [35mGET /js/chat.js 304 - - 3.020 ms[39m
[35m[39m
2022-11-08 23:38:44:3844 [35mhttp[39m: [35mGET /chat 200 4944 - 5.960 ms[39m
[35m[39m
2022-11-08 23:38:44:3844 [35mhttp[39m: [35mGET /stylesheets/chat.css 304 - - 1.978 ms[39m
[35m[39m
2022-11-08 23:38:44:3844 [35mhttp[39m: [35mGET /js/chat.js 304 - - 4.538 ms[39m
[35m[39m
2022-11-08 23:46:46:4646 [35mhttp[39m: [35mGET /chat 200 4944 - 5.939 ms[39m
[35m[39m
2022-11-08 23:46:47:4647 [35mhttp[39m: [35mGET /stylesheets/chat.css 304 - - 0.920 ms[39m
[35m[39m
2022-11-08 23:46:47:4647 [35mhttp[39m: [35mGET /js/chat.js 304 - - 2.109 ms[39m
[35m[39m
2022-11-08 23:54:44:5444 [35mhttp[39m: [35mGET /chat 304 - - 10.310 ms[39m
[35m[39m
2022-11-08 23:54:45:5445 [35mhttp[39m: [35mGET /stylesheets/chat.css 304 - - 1.933 ms[39m
[35m[39m
2022-11-08 23:54:45:5445 [35mhttp[39m: [35mGET /js/chat.js 304 - - 3.777 ms[39m
[35m[39m
2022-11-08 23:56:12:5612 [35mhttp[39m: [35mGET /chat 304 - - 6.816 ms[39m
[35m[39m
2022-11-08 23:56:12:5612 [35mhttp[39m: [35mGET /stylesheets/chat.css 304 - - 2.353 ms[39m
[35m[39m
2022-11-08 23:56:12:5612 [35mhttp[39m: [35mGET /js/chat.js 304 - - 3.791 ms[39m
[35m[39m
2022-11-08 23:57:44:5744 [35mhttp[39m: [35mGET /chat 304 - - 7.754 ms[39m
[35m[39m
2022-11-08 23:57:45:5745 [35mhttp[39m: [35mGET /stylesheets/chat.css 304 - - 1.120 ms[39m
[35m[39m
2022-11-08 23:57:45:5745 [35mhttp[39m: [35mGET /js/chat.js 304 - - 3.210 ms[39m
[35m[39m
2022-11-08 23:59:33:5933 [35mhttp[39m: [35mGET /chat 304 - - 7.841 ms[39m
[35m[39m
2022-11-08 23:59:33:5933 [35mhttp[39m: [35mGET /stylesheets/chat.css 304 - - 2.575 ms[39m
[35m[39m
2022-11-08 23:59:33:5933 [35mhttp[39m: [35mGET /js/chat.js 304 - - 0.863 ms[39m
[35m[39m
2022-11-09 00:15:22:1522 [35mhttp[39m: [35mGET /chat 304 - - 7.194 ms[39m
[35m[39m
2022-11-09 00:15:23:1523 [35mhttp[39m: [35mGET /stylesheets/chat.css 304 - - 3.384 ms[39m
[35m[39m
2022-11-09 00:15:23:1523 [35mhttp[39m: [35mGET /js/chat.js 304 - - 18.653 ms[39m
[35m[39m
2022-11-09 00:18:29:1829 [35mhttp[39m: [35mGET /chat 304 - - 4.618 ms[39m
[35m[39m
2022-11-09 00:18:29:1829 [35mhttp[39m: [35mGET /js/chat.js 304 - - 1.890 ms[39m
[35m[39m
2022-11-09 00:18:29:1829 [35mhttp[39m: [35mGET /stylesheets/chat.css 304 - - 5.002 ms[39m
[35m[39m
2022-11-09 00:20:17:2017 [35mhttp[39m: [35mGET /chat 304 - - 4.408 ms[39m
[35m[39m
2022-11-09 00:20:17:2017 [35mhttp[39m: [35mGET /stylesheets/chat.css 304 - - 1.113 ms[39m
[35m[39m
2022-11-09 00:20:17:2017 [35mhttp[39m: [35mGET /js/chat.js 304 - - 3.391 ms[39m
[35m[39m
2022-11-09 00:22:43:2243 [35mhttp[39m: [35mGET /chat 200 4933 - 6.151 ms[39m
[35m[39m
2022-11-09 00:22:44:2244 [35mhttp[39m: [35mGET /stylesheets/chat.css 304 - - 1.471 ms[39m
[35m[39m
2022-11-09 00:22:44:2244 [35mhttp[39m: [35mGET /js/chat.js 304 - - 3.090 ms[39m
[35m[39m
2022-11-09 00:23:03:233 [35mhttp[39m: [35mGET /chat 304 - - 5.265 ms[39m
[35m[39m
2022-11-09 00:23:03:233 [35mhttp[39m: [35mGET /stylesheets/chat.css 304 - - 2.400 ms[39m
[35m[39m
2022-11-09 00:23:03:233 [35mhttp[39m: [35mGET /js/chat.js 304 - - 4.039 ms[39m
[35m[39m
2022-11-09 00:25:27:2527 [35mhttp[39m: [35mGET /chat 304 - - 5.081 ms[39m
[35m[39m
2022-11-09 00:25:27:2527 [35mhttp[39m: [35mGET /stylesheets/chat.css 304 - - 4.352 ms[39m
[35m[39m
2022-11-09 00:25:27:2527 [35mhttp[39m: [35mGET /js/chat.js 304 - - 0.589 ms[39m
[35m[39m
2022-11-09 00:26:57:2657 [35mhttp[39m: [35mGET /chat 304 - - 2.290 ms[39m
[35m[39m
2022-11-09 00:26:57:2657 [35mhttp[39m: [35mGET /stylesheets/chat.css 304 - - 1.560 ms[39m
[35m[39m
2022-11-09 00:26:57:2657 [35mhttp[39m: [35mGET /js/chat.js 304 - - 4.612 ms[39m
[35m[39m
2022-11-09 00:28:48:2848 [35mhttp[39m: [35mGET /chat 200 4987 - 3.946 ms[39m
[35m[39m
2022-11-09 00:28:48:2848 [35mhttp[39m: [35mGET /stylesheets/chat.css 304 - - 1.955 ms[39m
[35m[39m
2022-11-09 00:28:48:2848 [35mhttp[39m: [35mGET /js/chat.js 304 - - 3.232 ms[39m
[35m[39m
2022-11-09 00:30:31:3031 [35mhttp[39m: [35mGET /chat 304 - - 7.020 ms[39m
[35m[39m
2022-11-09 00:30:31:3031 [35mhttp[39m: [35mGET /stylesheets/chat.css 304 - - 1.850 ms[39m
[35m[39m
2022-11-09 00:30:31:3031 [35mhttp[39m: [35mGET /js/chat.js 304 - - 3.780 ms[39m
[35m[39m
2022-11-09 00:31:01:311 [35mhttp[39m: [35mGET /chat 304 - - 6.573 ms[39m
[35m[39m
2022-11-09 00:31:01:311 [35mhttp[39m: [35mGET /stylesheets/chat.css 304 - - 1.916 ms[39m
[35m[39m
2022-11-09 00:31:01:311 [35mhttp[39m: [35mGET /js/chat.js 304 - - 3.578 ms[39m
[35m[39m
2022-11-09 00:31:30:3130 [35mhttp[39m: [35mGET /chat 304 - - 5.992 ms[39m
[35m[39m
2022-11-09 00:31:30:3130 [35mhttp[39m: [35mGET /stylesheets/chat.css 304 - - 1.319 ms[39m
[35m[39m
2022-11-09 00:31:30:3130 [35mhttp[39m: [35mGET /js/chat.js 304 - - 3.689 ms[39m
[35m[39m
2022-11-09 00:32:15:3215 [35mhttp[39m: [35mGET /chat 304 - - 2.178 ms[39m
[35m[39m
2022-11-09 00:32:16:3216 [35mhttp[39m: [35mGET /stylesheets/chat.css 304 - - 0.538 ms[39m
[35m[39m
2022-11-09 00:32:16:3216 [35mhttp[39m: [35mGET /js/chat.js 304 - - 0.488 ms[39m
[35m[39m
